-------------------------------------------------------------------------------
Test set: com.cryptocurrency.data.service.DataCollectionServiceTest
-------------------------------------------------------------------------------
Tests run: 1, Failures: 1, Errors: 0, Skipped: 0, Time elapsed: 7.984 s <<< FAILURE! - in com.cryptocurrency.data.service.DataCollectionServiceTest
testCollectMarketData  Time elapsed: 7.948 s  <<< FAILURE!
org.mockito.exceptions.verification.WantedButNotInvoked: 

Wanted but not invoked:
cryptoCurrencyRepository.saveAll(<any>);
-> at com.cryptocurrency.data.service.DataCollectionServiceTest.testCollectMarketData(DataCollectionServiceTest.java:56)
Actually, there were zero interactions with this mock.

	at com.cryptocurrency.data.service.DataCollectionServiceTest.testCollectMarketData(DataCollectionServiceTest.java:56)

