-------------------------------------------------------------------------------
Test set: com.cryptocurrency.data.service.DataCollectionServiceTest
-------------------------------------------------------------------------------
Tests run: 3, Failures: 2, Errors: 0, Skipped: 0, Time elapsed: 9.243 s <<< FAILURE! - in com.cryptocurrency.data.service.DataCollectionServiceTest
testCollectMarketDataException  Time elapsed: 5.824 s  <<< FAILURE!
org.opentest4j.AssertionFailedError: Expected java.lang.NullPointerException to be thrown, but nothing was thrown.
	at com.cryptocurrency.data.service.DataCollectionServiceTest.testCollectMarketDataException(DataCollectionServiceTest.java:66)

testEnforceTableLimit  Time elapsed: 0.088 s  <<< FAILURE!
org.mockito.exceptions.verification.WantedButNotInvoked: 

Wanted but not invoked:
cryptoCurrencyRepository.deleteAll();
-> at com.cryptocurrency.data.service.DataCollectionServiceTest.testEnforceTableLimit(DataCollectionServiceTest.java:76)
Actually, there were zero interactions with this mock.

	at com.cryptocurrency.data.service.DataCollectionServiceTest.testEnforceTableLimit(DataCollectionServiceTest.java:76)

