<?xml version="1.0" encoding="UTF-8"?>
<testsuite xmlns:xsi="http://www.w3.org/2001/XMLSchema-instance" xsi:noNamespaceSchemaLocation="https://maven.apache.org/surefire/maven-surefire-plugin/xsd/surefire-test-report.xsd" name="com.cryptocurrency.data.repository.CryptoCurrencyRepositoryTest" time="0.024" tests="6" errors="0" skipped="0" failures="0">
  <properties>
[...]
</properties>
  <testcase name="testFindBySymbol" classname="com.cryptocurrency.data.repository.CryptoCurrencyRepositoryTest" time="0.003"/>
  <testcase name="testFindAll" classname="com.cryptocurrency.data.repository.CryptoCurrencyRepositoryTest" time="0.003"/>
  <testcase name="testFindByName" classname="com.cryptocurrency.data.repository.CryptoCurrencyRepositoryTest" time="0.004"/>
  <testcase name="testFindById" classname="com.cryptocurrency.data.repository.CryptoCurrencyRepositoryTest" time="0.003"/>
  <testcase name="testFindByMarketCapRank" classname="com.cryptocurrency.data.repository.CryptoCurrencyRepositoryTest" time="0.005"/>
  <testcase name="testFindByPrice" classname="com.cryptocurrency.data.repository.CryptoCurrencyRepositoryTest" time="0.003"/>
</testsuite>